#
# There is insufficient memory for the Java Runtime Environment to continue.
# Native memory allocation (malloc) failed to allocate 32756 bytes for ChunkPool::allocate
# Possible reasons:
#   The system is out of physical RAM or swap space
#   In 32 bit mode, the process size limit was hit
# Possible solutions:
#   Reduce memory load on the system
#   Increase physical memory or swap space
#   Check if swap backing store is full
#   Use 64 bit Java on a 64 bit OS
#   Decrease Java heap size (-Xmx/-Xms)
#   Decrease number of Java threads
#   Decrease Java thread stack sizes (-Xss)
#   Set larger code cache with -XX:ReservedCodeCacheSize=
# This output file may be truncated or incomplete.
#
#  Out of Memory Error (allocation.cpp:272), pid=1084, tid=0x00000e1c
#
# JRE version: Java(TM) SE Runtime Environment (8.0_241-b07) (build 1.8.0_241-b07)
# Java VM: Java HotSpot(TM) Client VM (25.241-b07 mixed mode windows-x86 )
# Failed to write core dump. Minidumps are not enabled by default on client versions of Windows
#

---------------  T H R E A D  ---------------

Current thread (0x441fa000):  JavaThread "C1 CompilerThread0" daemon [_thread_in_native, id=3612, stack(0x445a0000,0x445f0000)]

Stack: [0x445a0000,0x445f0000],  sp=0x445ee918,  free space=314k
Native frames: (J=compiled Java code, j=interpreted, Vv=VM code, C=native code)
V  [jvm.dll+0x1ae6fb]
V  [jvm.dll+0x1a6be8]
V  [jvm.dll+0x8dd21]
V  [jvm.dll+0x8defd]
V  [jvm.dll+0x8e397]
V  [jvm.dll+0xa5fc4]
V  [jvm.dll+0x2a7bf5]
V  [jvm.dll+0x2a88cc]
V  [jvm.dll+0x2abf9d]
V  [jvm.dll+0x2ad510]
V  [jvm.dll+0x2ad929]
V  [jvm.dll+0x291f79]
V  [jvm.dll+0x29205a]
V  [jvm.dll+0x2921c8]
V  [jvm.dll+0x292452]
V  [jvm.dll+0x7165a]
V  [jvm.dll+0x71e0f]
V  [jvm.dll+0x17f930]
V  [jvm.dll+0x1801aa]
V  [jvm.dll+0x1c6ef6]
C  [msvcr100.dll+0x5c556]
C  [msvcr100.dll+0x5c600]
C  [KERNEL32.DLL+0x18f04]
C  [ntdll.dll+0x69c23]
C  [ntdll.dll+0x69bf2]
C  0x00000000


Current CompileTask:
C1:10098523 6451   !         kotlin.reflect.jvm.internal.impl.metadata.ProtoBuf$Class::<init> (1949 bytes)


---------------  P R O C E S S  ---------------

Java Threads: ( => current thread )
  0x48fe9800 JavaThread "stdout" [_thread_in_native, id=7944, stack(0x4c700000,0x4c750000)]
  0x48fee000 JavaThread "stdout" [_thread_in_native, id=1864, stack(0x4c6b0000,0x4c700000)]
  0x48feb800 JavaThread "stderr" [_thread_in_native, id=6292, stack(0x4c660000,0x4c6b0000)]
  0x48feac00 JavaThread "stderr" [_thread_in_native, id=5664, stack(0x4c610000,0x4c660000)]
  0x48fe9400 JavaThread "stdout" [_thread_in_native, id=6020, stack(0x4c5c0000,0x4c610000)]
  0x48feb400 JavaThread "stderr" [_thread_in_native, id=7004, stack(0x4c570000,0x4c5c0000)]
  0x48ff0000 JavaThread "stdout" [_thread_in_native, id=3508, stack(0x4c520000,0x4c570000)]
  0x48fea800 JavaThread "stderr" [_thread_in_native, id=3632, stack(0x4c4d0000,0x4c520000)]
  0x48ff0c00 JavaThread "pool-3-thread-1" [_thread_blocked, id=5452, stack(0x4c480000,0x4c4d0000)]
  0x48fea000 JavaThread "Java2D Disposer" daemon [_thread_blocked, id=6400, stack(0x4b410000,0x4b460000)]
  0x48fecc00 JavaThread "WorkerExecutor Queue Thread 4" [_thread_blocked, id=3160, stack(0x4b320000,0x4b370000)]
  0x48fed400 JavaThread "WorkerExecutor Queue Thread 3" [_thread_blocked, id=4520, stack(0x4b2d0000,0x4b320000)]
  0x48fed800 JavaThread "WorkerExecutor Queue Thread 2" [_thread_blocked, id=5060, stack(0x4b280000,0x4b2d0000)]
  0x458b1c00 JavaThread "WorkerExecutor Queue" [_thread_blocked, id=2688, stack(0x4b230000,0x4b280000)]
  0x458b4400 JavaThread "Cache worker for execution history cache (E:\Buisness\percentageCalculator\Code\.gradle\6.1.1\executionHistory)" [_thread_blocked, id=7072, stack(0x4b1e0000,0x4b230000)]
  0x458b3c00 JavaThread "Execution worker for ':' Thread 3" [_thread_in_Java, id=6004, stack(0x4b190000,0x4b1e0000)]
  0x458b1800 JavaThread "Execution worker for ':' Thread 2" [_thread_blocked, id=7484, stack(0x4b140000,0x4b190000)]
  0x458b2400 JavaThread "Execution worker for ':'" [_thread_blocked, id=8028, stack(0x4b0f0000,0x4b140000)]
  0x481c8c00 JavaThread "Cache worker for file content cache (E:\Buisness\percentageCalculator\Code\.gradle\6.1.1\fileContent)" [_thread_blocked, id=2432, stack(0x4b0a0000,0x4b0f0000)]
  0x481c8800 JavaThread "Cache worker for Build Output Cleanup Cache (E:\Buisness\percentageCalculator\Code\.gradle\buildOutputCleanup)" [_thread_blocked, id=4344, stack(0x4b050000,0x4b0a0000)]
  0x481c7400 JavaThread "pool-2-thread-1" [_thread_blocked, id=6024, stack(0x4b000000,0x4b050000)]
  0x481c6000 JavaThread "Build operations Thread 4" [_thread_blocked, id=6728, stack(0x4afb0000,0x4b000000)]
  0x481c7000 JavaThread "Build operations Thread 3" [_thread_blocked, id=3204, stack(0x4af60000,0x4afb0000)]
  0x481c8000 JavaThread "Build operations Thread 2" [_thread_blocked, id=6268, stack(0x4af10000,0x4af60000)]
  0x481c5c00 JavaThread "Build operations" [_thread_blocked, id=6656, stack(0x4aec0000,0x4af10000)]
  0x481c5000 JavaThread "Cache worker for cache directory md-rule (C:\Users\home\.gradle\caches\6.1.1\md-rule)" [_thread_blocked, id=8184, stack(0x4ae70000,0x4aec0000)]
  0x481c4800 JavaThread "Cache worker for cache directory md-supplier (C:\Users\home\.gradle\caches\6.1.1\md-supplier)" [_thread_blocked, id=6672, stack(0x4ae20000,0x4ae70000)]
  0x481c1c00 JavaThread "Cache worker for file hash cache (E:\Buisness\percentageCalculator\Code\.gradle\6.1.1\fileHashes)" [_thread_blocked, id=7548, stack(0x4add0000,0x4ae20000)]
  0x481c5400 JavaThread "Cache worker for checksums cache (E:\Buisness\percentageCalculator\Code\.gradle\checksums)" [_thread_blocked, id=3372, stack(0x4ad80000,0x4add0000)]
  0x481c3c00 JavaThread "Thread-45" [_thread_blocked, id=6836, stack(0x4ad30000,0x4ad80000)]
  0x481c3000 JavaThread "Stdin handler" [_thread_blocked, id=6584, stack(0x4ace0000,0x4ad30000)]
  0x481c2800 JavaThread "Asynchronous log dispatcher for DefaultDaemonConnection: socket connection from /127.0.0.1:49710 to /127.0.0.1:55498" [_thread_blocked, id=1288, stack(0x4ac90000,0x4ace0000)]
  0x481c1800 JavaThread "Daemon worker Thread 3" [_thread_blocked, id=7236, stack(0x4ac40000,0x4ac90000)]
  0x481c2400 JavaThread "Cancel handler" [_thread_blocked, id=1868, stack(0x4abf0000,0x4ac40000)]
  0x481c3400 JavaThread "Handler for socket connection from /127.0.0.1:49710 to /127.0.0.1:55498" [_thread_in_native, id=7352, stack(0x4aba0000,0x4abf0000)]
  0x481c7c00 JavaThread "Daemon Thread 3" [_thread_blocked, id=5280, stack(0x4ab50000,0x4aba0000)]
  0x481c4400 JavaThread "Cache worker for file content cache (C:\Users\home\.gradle\caches\6.1.1\fileContent)" [_thread_blocked, id=4212, stack(0x4a470000,0x4a4c0000)]
  0x481c6800 JavaThread "Memory manager" [_thread_blocked, id=5744, stack(0x4a320000,0x4a370000)]
  0x458b2c00 JavaThread "Cache worker for execution history cache (C:\Users\home\.gradle\caches\6.1.1\executionHistory)" [_thread_blocked, id=640, stack(0x478f0000,0x47940000)]
  0x458b1000 JavaThread "Cache worker for file hash cache (C:\Users\home\.gradle\caches\6.1.1\fileHashes)" [_thread_blocked, id=5464, stack(0x47360000,0x473b0000)]
  0x458b3000 JavaThread "File lock request listener" [_thread_in_native, id=892, stack(0x47310000,0x47360000)]
  0x458b4800 JavaThread "Cache worker for journal cache (C:\Users\home\.gradle\caches\journal-1)" [_thread_blocked, id=884, stack(0x472c0000,0x47310000)]
  0x458df000 JavaThread "Daemon periodic checks" [_thread_blocked, id=4340, stack(0x46d40000,0x46d90000)]
  0x458d0400 JavaThread "Incoming local TCP Connector on port 49710" [_thread_in_native, id=652, stack(0x468f0000,0x46940000)]
  0x454b2c00 JavaThread "Daemon health stats" [_thread_blocked, id=484, stack(0x46460000,0x464b0000)]
  0x44218000 JavaThread "Service Thread" daemon [_thread_blocked, id=1144, stack(0x445f0000,0x44640000)]
=>0x441fa000 JavaThread "C1 CompilerThread0" daemon [_thread_in_native, id=3612, stack(0x445a0000,0x445f0000)]
  0x441f9000 JavaThread "Attach Listener" daemon [_thread_blocked, id=2824, stack(0x44550000,0x445a0000)]
  0x441f7000 JavaThread "Signal Dispatcher" daemon [_thread_blocked, id=2408, stack(0x44500000,0x44550000)]
  0x441db400 JavaThread "Finalizer" daemon [_thread_blocked, id=1240, stack(0x443c0000,0x44410000)]
  0x441d5400 JavaThread "Reference Handler" daemon [_thread_blocked, id=1936, stack(0x03b90000,0x03be0000)]
  0x008ec400 JavaThread "main" [_thread_blocked, id=4316, stack(0x00af0000,0x00b40000)]

Other Threads:
  0x00c3d000 VMThread [stack: 0x00f00000,0x00f50000] [id=5584]
  0x4421b400 WatcherThread [stack: 0x44640000,0x44690000] [id=528]

VM state:not at safepoint (normal execution)

VM Mutex/Monitor currently owned by a thread: None

Heap:
 def new generation   total 25024K, used 23494K [0x03c00000, 0x05720000, 0x19150000)
  eden space 22272K,  94% used [0x03c00000, 0x050a3290, 0x051c0000)
  from space 2752K,  85% used [0x051c0000, 0x0540e578, 0x05470000)
  to   space 2752K,   0% used [0x05470000, 0x05470000, 0x05720000)
 tenured generation   total 88732K, used 54411K [0x19150000, 0x1e7f7000, 0x43c00000)
   the space 88732K,  61% used [0x19150000, 0x1c672d00, 0x1c672e00, 0x1e7f7000)
 Metaspace       used 45076K, capacity 46449K, committed 46720K, reserved 47488K

Card table byte_map: [0x00cf0000,0x00f00000] byte_map_base: 0x00cd2000

Polling page: 0x008b0000

CodeCache: size=32768Kb used=7028Kb max_used=7426Kb free=25739Kb
 bounds [0x01b90000, 0x022e0000, 0x03b90000]
 total_blobs=4383 nmethods=3894 adapters=419
 compilation: enabled

Compilation events (10 events):
Event: 10096.926 Thread 0x441fa000 nmethod 6446 0x01e58308 code [0x01e58450, 0x01e58608]
Event: 10096.927 Thread 0x441fa000 6447             java.util.Collections$UnmodifiableRandomAccessList::<init> (6 bytes)
Event: 10096.928 Thread 0x441fa000 nmethod 6447 0x01e58048 code [0x01e58150, 0x01e5825c]
Event: 10096.931 Thread 0x441fa000 6448             java.lang.reflect.Method::<init> (68 bytes)
Event: 10096.931 Thread 0x441fa000 nmethod 6448 0x01e57dc8 code [0x01e57ec0, 0x01e57ff0]
Event: 10096.931 Thread 0x441fa000 6449             kotlin.reflect.jvm.internal.impl.name.FqName::hashCode (8 bytes)
Event: 10096.932 Thread 0x441fa000 nmethod 6449 0x01e57b48 code [0x01e57c50, 0x01e57cec]
Event: 10096.937 Thread 0x441fa000 6450             kotlin.reflect.jvm.internal.impl.storage.LockBasedStorageManager$LockBasedLazyValue::<init> (38 bytes)
Event: 10096.937 Thread 0x441fa000 nmethod 6450 0x01e57888 code [0x01e57990, 0x01e57aa8]
Event: 10096.941 Thread 0x441fa000 6451   !         kotlin.reflect.jvm.internal.impl.metadata.ProtoBuf$Class::<init> (1949 bytes)

GC Heap History (10 events):
Event: 10085.707 GC heap before
{Heap before GC invocations=138 (full 6):
 def new generation   total 25024K, used 22453K [0x03c00000, 0x05720000, 0x19150000)
  eden space 22272K, 100% used [0x03c00000, 0x051c0000, 0x051c0000)
  from space 2752K,   6% used [0x05470000, 0x0549d5a0, 0x05720000)
  to   space 2752K,   0% used [0x051c0000, 0x051c0000, 0x05470000)
 tenured generation   total 88732K, used 53237K [0x19150000, 0x1e7f7000, 0x43c00000)
   the space 88732K,  59% used [0x19150000, 0x1c54d538, 0x1c54d600, 0x1e7f7000)
 Metaspace       used 42797K, capacity 44104K, committed 44928K, reserved 45440K
Event: 10085.718 GC heap after
Heap after GC invocations=139 (full 6):
 def new generation   total 25024K, used 300K [0x03c00000, 0x05720000, 0x19150000)
  eden space 22272K,   0% used [0x03c00000, 0x03c00000, 0x051c0000)
  from space 2752K,  10% used [0x051c0000, 0x0520b360, 0x05470000)
  to   space 2752K,   0% used [0x05470000, 0x05470000, 0x05720000)
 tenured generation   total 88732K, used 53237K [0x19150000, 0x1e7f7000, 0x43c00000)
   the space 88732K,  59% used [0x19150000, 0x1c54d538, 0x1c54d600, 0x1e7f7000)
 Metaspace       used 42797K, capacity 44104K, committed 44928K, reserved 45440K
}
Event: 10090.015 GC heap before
{Heap before GC invocations=139 (full 6):
 def new generation   total 25024K, used 22572K [0x03c00000, 0x05720000, 0x19150000)
  eden space 22272K, 100% used [0x03c00000, 0x051c0000, 0x051c0000)
  from space 2752K,  10% used [0x051c0000, 0x0520b360, 0x05470000)
  to   space 2752K,   0% used [0x05470000, 0x05470000, 0x05720000)
 tenured generation   total 88732K, used 53237K [0x19150000, 0x1e7f7000, 0x43c00000)
   the space 88732K,  59% used [0x19150000, 0x1c54d538, 0x1c54d600, 0x1e7f7000)
 Metaspace       used 42973K, capacity 44296K, committed 44928K, reserved 45440K
Event: 10090.030 GC heap after
Heap after GC invocations=140 (full 6):
 def new generation   total 25024K, used 1349K [0x03c00000, 0x05720000, 0x19150000)
  eden space 22272K,   0% used [0x03c00000, 0x03c00000, 0x051c0000)
  from space 2752K,  49% used [0x05470000, 0x055c16a8, 0x05720000)
  to   space 2752K,   0% used [0x051c0000, 0x051c0000, 0x05470000)
 tenured generation   total 88732K, used 53237K [0x19150000, 0x1e7f7000, 0x43c00000)
   the space 88732K,  59% used [0x19150000, 0x1c54d538, 0x1c54d600, 0x1e7f7000)
 Metaspace       used 42973K, capacity 44296K, committed 44928K, reserved 45440K
}
Event: 10093.421 GC heap before
{Heap before GC invocations=140 (full 6):
 def new generation   total 25024K, used 23621K [0x03c00000, 0x05720000, 0x19150000)
  eden space 22272K, 100% used [0x03c00000, 0x051c0000, 0x051c0000)
  from space 2752K,  49% used [0x05470000, 0x055c16a8, 0x05720000)
  to   space 2752K,   0% used [0x051c0000, 0x051c0000, 0x05470000)
 tenured generation   total 88732K, used 53237K [0x19150000, 0x1e7f7000, 0x43c00000)
   the space 88732K,  59% used [0x19150000, 0x1c54d538, 0x1c54d600, 0x1e7f7000)
 Metaspace       used 43420K, capacity 44727K, committed 45056K, reserved 45440K
Event: 10093.437 GC heap after
Heap after GC invocations=141 (full 6):
 def new generation   total 25024K, used 1847K [0x03c00000, 0x05720000, 0x19150000)
  eden space 22272K,   0% used [0x03c00000, 0x03c00000, 0x051c0000)
  from space 2752K,  67% used [0x051c0000, 0x0538de90, 0x05470000)
  to   space 2752K,   0% used [0x05470000, 0x05470000, 0x05720000)
 tenured generation   total 88732K, used 53237K [0x19150000, 0x1e7f7000, 0x43c00000)
   the space 88732K,  59% used [0x19150000, 0x1c54d538, 0x1c54d600, 0x1e7f7000)
 Metaspace       used 43420K, capacity 44727K, committed 45056K, reserved 45440K
}
Event: 10095.363 GC heap before
{Heap before GC invocations=141 (full 6):
 def new generation   total 25024K, used 24119K [0x03c00000, 0x05720000, 0x19150000)
  eden space 22272K, 100% used [0x03c00000, 0x051c0000, 0x051c0000)
  from space 2752K,  67% used [0x051c0000, 0x0538de90, 0x05470000)
  to   space 2752K,   0% used [0x05470000, 0x05470000, 0x05720000)
 tenured generation   total 88732K, used 53237K [0x19150000, 0x1e7f7000, 0x43c00000)
   the space 88732K,  59% used [0x19150000, 0x1c54d538, 0x1c54d600, 0x1e7f7000)
 Metaspace       used 43649K, capacity 44977K, committed 45312K, reserved 45440K
Event: 10095.387 GC heap after
Heap after GC invocations=142 (full 6):
 def new generation   total 25024K, used 1682K [0x03c00000, 0x05720000, 0x19150000)
  eden space 22272K,   0% used [0x03c00000, 0x03c00000, 0x051c0000)
  from space 2752K,  61% used [0x05470000, 0x056148b8, 0x05720000)
  to   space 2752K,   0% used [0x051c0000, 0x051c0000, 0x05470000)
 tenured generation   total 88732K, used 53900K [0x19150000, 0x1e7f7000, 0x43c00000)
   the space 88732K,  60% used [0x19150000, 0x1c5f32d0, 0x1c5f3400, 0x1e7f7000)
 Metaspace       used 43649K, capacity 44977K, committed 45312K, reserved 45440K
}
Event: 10096.205 GC heap before
{Heap before GC invocations=142 (full 6):
 def new generation   total 25024K, used 23954K [0x03c00000, 0x05720000, 0x19150000)
  eden space 22272K, 100% used [0x03c00000, 0x051c0000, 0x051c0000)
  from space 2752K,  61% used [0x05470000, 0x056148b8, 0x05720000)
  to   space 2752K,   0% used [0x051c0000, 0x051c0000, 0x05470000)
 tenured generation   total 88732K, used 53900K [0x19150000, 0x1e7f7000, 0x43c00000)
   the space 88732K,  60% used [0x19150000, 0x1c5f32d0, 0x1c5f3400, 0x1e7f7000)
 Metaspace       used 44526K, capacity 45873K, committed 46208K, reserved 46464K
Event: 10096.226 GC heap after
Heap after GC invocations=143 (full 6):
 def new generation   total 25024K, used 2361K [0x03c00000, 0x05720000, 0x19150000)
  eden space 22272K,   0% used [0x03c00000, 0x03c00000, 0x051c0000)
  from space 2752K,  85% used [0x051c0000, 0x0540e578, 0x05470000)
  to   space 2752K,   0% used [0x05470000, 0x05470000, 0x05720000)
 tenured generation   total 88732K, used 54411K [0x19150000, 0x1e7f7000, 0x43c00000)
   the space 88732K,  61% used [0x19150000, 0x1c672d00, 0x1c672e00, 0x1e7f7000)
 Metaspace       used 44526K, capacity 45873K, committed 46208K, reserved 46464K
}

Deoptimization events (0 events):
No events

Classes redefined (0 events):
No events

Internal exceptions (10 events):
Event: 10087.495 Thread 0x458b3c00 Exception <a 'java/lang/NoSuchMethodError': <clinit>> (0x046c62f8) thrown at [C:\ade\jenkins\workspace\8-2-build-windows-i586-cygwin\jdk8u241\331\hotspot\src\share\vm\prims\jni.cpp, line 1614]
Event: 10087.601 Thread 0x458b3c00 Exception <a 'java/lang/NoSuchMethodError': <clinit>> (0x0473cfe8) thrown at [C:\ade\jenkins\workspace\8-2-build-windows-i586-cygwin\jdk8u241\331\hotspot\src\share\vm\prims\jni.cpp, line 1614]
Event: 10092.476 Thread 0x458b1800 Exception <a 'java/lang/ArrayIndexOutOfBoundsException'> (0x046af368) thrown at [C:\ade\jenkins\workspace\8-2-build-windows-i586-cygwin\jdk8u241\331\hotspot\src\share\vm\runtime\sharedRuntime.cpp, line 605]
Event: 10092.996 Thread 0x458b1800 Exception <a 'java/lang/ArrayIndexOutOfBoundsException'> (0x04f35888) thrown at [C:\ade\jenkins\workspace\8-2-build-windows-i586-cygwin\jdk8u241\331\hotspot\src\share\vm\runtime\sharedRuntime.cpp, line 605]
Event: 10093.291 Thread 0x458b1800 Exception <a 'java/lang/ArrayIndexOutOfBoundsException'> (0x05188398) thrown at [C:\ade\jenkins\workspace\8-2-build-windows-i586-cygwin\jdk8u241\331\hotspot\src\share\vm\runtime\sharedRuntime.cpp, line 605]
Event: 10094.955 Thread 0x458b3c00 Exception <a 'java/lang/NoSuchMethodError': <clinit>> (0x04c0a810) thrown at [C:\ade\jenkins\workspace\8-2-build-windows-i586-cygwin\jdk8u241\331\hotspot\src\share\vm\prims\jni.cpp, line 1614]
Event: 10094.955 Thread 0x458b3c00 Exception <a 'java/lang/NoSuchMethodError': <clinit>> (0x04c104d8) thrown at [C:\ade\jenkins\workspace\8-2-build-windows-i586-cygwin\jdk8u241\331\hotspot\src\share\vm\prims\jni.cpp, line 1614]
Event: 10094.960 Thread 0x458b3c00 Exception <a 'java/lang/NoSuchMethodError': <clinit>> (0x04c24130) thrown at [C:\ade\jenkins\workspace\8-2-build-windows-i586-cygwin\jdk8u241\331\hotspot\src\share\vm\prims\jni.cpp, line 1614]
Event: 10094.960 Thread 0x458b3c00 Exception <a 'java/lang/NoSuchMethodError': <clinit>> (0x04c252e8) thrown at [C:\ade\jenkins\workspace\8-2-build-windows-i586-cygwin\jdk8u241\331\hotspot\src\share\vm\prims\jni.cpp, line 1614]
Event: 10095.044 Thread 0x458b3c00 Exception <a 'java/lang/NoSuchMethodError': java.lang.Object.lambda$comparingByKey$bbdbfea9$1(Ljava/util/Map$Entry;Ljava/util/Map$Entry;)I> (0x04d17c78) thrown at [C:\ade\jenkins\workspace\8-2-build-windows-i586-cygwin\jdk8u241\331\hotspot\src\share\vm\in

Events (10 events):
Event: 10096.710 loading class kotlin/reflect/jvm/internal/impl/serialization/deserialization/descriptors/DeserializedClassDescriptor$DeserializedClassMemberScope$allDescriptors$1
Event: 10096.710 loading class kotlin/reflect/jvm/internal/impl/serialization/deserialization/descriptors/DeserializedClassDescriptor$DeserializedClassMemberScope$allDescriptors$1 done
Event: 10096.711 loading class kotlin/reflect/jvm/internal/impl/serialization/deserialization/descriptors/DeserializedClassDescriptor$DeserializedClassMemberScope$refinedSupertypes$1
Event: 10096.711 loading class kotlin/reflect/jvm/internal/impl/serialization/deserialization/descriptors/DeserializedClassDescriptor$DeserializedClassMemberScope$refinedSupertypes$1 done
Event: 10096.713 loading class kotlin/reflect/jvm/internal/UtilKt
Event: 10096.713 loading class kotlin/reflect/jvm/internal/UtilKt done
Event: 10096.727 loading class kotlin/ranges/RangesKt
Event: 10096.727 loading class kotlin/ranges/RangesKt done
Event: 10096.728 loading class kotlin/reflect/jvm/internal/impl/resolve/scopes/InnerClassesScopeWrapper
Event: 10096.728 loading class kotlin/reflect/jvm/internal/impl/resolve/scopes/InnerClassesScopeWrapper done


Dynamic libraries:
0x00f50000 - 0x00f83000 	C:\Program Files\Java\jdk1.8.0_241\bin\java.exe
0x77cc0000 - 0x77e46000 	C:\WINDOWS\SYSTEM32\ntdll.dll
0x757b0000 - 0x75846000 	C:\WINDOWS\System32\KERNEL32.DLL
0x74fd0000 - 0x75177000 	C:\WINDOWS\System32\KERNELBASE.dll
0x732b0000 - 0x73342000 	C:\WINDOWS\system32\apphelp.dll
0x75fa0000 - 0x76017000 	C:\WINDOWS\System32\ADVAPI32.dll
0x75660000 - 0x7571e000 	C:\WINDOWS\System32\msvcrt.dll
0x76440000 - 0x76481000 	C:\WINDOWS\System32\sechost.dll
0x75580000 - 0x75643000 	C:\WINDOWS\System32\RPCRT4.dll
0x75a00000 - 0x75b49000 	C:\WINDOWS\System32\USER32.dll
0x74fb0000 - 0x74fc9000 	C:\WINDOWS\System32\win32u.dll
0x77c90000 - 0x77cbb000 	C:\WINDOWS\System32\GDI32.dll
0x75200000 - 0x75359000 	C:\WINDOWS\System32\gdi32full.dll
0x6c760000 - 0x6c96a000 	C:\WINDOWS\WinSxS\x86_microsoft.windows.common-controls_6595b64144ccf1df_6.0.14393.953_none_89c2555adb023171\COMCTL32.dll
0x75b50000 - 0x75d61000 	C:\WINDOWS\System32\combase.dll
0x74ed0000 - 0x74fb0000 	C:\WINDOWS\System32\ucrtbase.dll
0x75520000 - 0x7557a000 	C:\WINDOWS\System32\bcryptPrimitives.dll
0x77c60000 - 0x77c86000 	C:\WINDOWS\System32\IMM32.DLL
0x57e10000 - 0x57ecf000 	C:\Program Files\Java\jdk1.8.0_241\jre\bin\msvcr100.dll
0x57a30000 - 0x57e0a000 	C:\Program Files\Java\jdk1.8.0_241\jre\bin\client\jvm.dll
0x75650000 - 0x75656000 	C:\WINDOWS\System32\PSAPI.DLL
0x72df0000 - 0x72e14000 	C:\WINDOWS\SYSTEM32\WINMM.dll
0x669d0000 - 0x669d8000 	C:\WINDOWS\SYSTEM32\VERSION.dll
0x720a0000 - 0x720a8000 	C:\WINDOWS\SYSTEM32\WSOCK32.dll
0x75850000 - 0x758b3000 	C:\WINDOWS\System32\WS2_32.dll
0x72da0000 - 0x72dc3000 	C:\WINDOWS\SYSTEM32\WINMMBASE.dll
0x75360000 - 0x75396000 	C:\WINDOWS\System32\cfgmgr32.dll
0x6f730000 - 0x6f73c000 	C:\Program Files\Java\jdk1.8.0_241\jre\bin\verify.dll
0x67cf0000 - 0x67d11000 	C:\Program Files\Java\jdk1.8.0_241\jre\bin\java.dll
0x67cd0000 - 0x67ce4000 	C:\Program Files\Java\jdk1.8.0_241\jre\bin\zip.dll
0x76620000 - 0x779f8000 	C:\WINDOWS\System32\SHELL32.dll
0x748c0000 - 0x74e2e000 	C:\WINDOWS\System32\windows.storage.dll
0x74810000 - 0x74855000 	C:\WINDOWS\System32\powrprof.dll
0x75dd0000 - 0x75e16000 	C:\WINDOWS\System32\shlwapi.dll
0x74860000 - 0x7486d000 	C:\WINDOWS\System32\kernel.appcore.dll
0x75720000 - 0x757a8000 	C:\WINDOWS\System32\shcore.dll
0x747f0000 - 0x747ff000 	C:\WINDOWS\System32\profapi.dll
0x67cb0000 - 0x67cc6000 	C:\Program Files\Java\jdk1.8.0_241\jre\bin\net.dll
0x741f0000 - 0x74240000 	C:\WINDOWS\system32\mswsock.dll
0x6f6f0000 - 0x6f6ff000 	C:\Program Files\Java\jdk1.8.0_241\jre\bin\nio.dll
0x6f700000 - 0x6f721000 	C:\Users\home\.gradle\native\31\windows-i386\native-platform.dll
0x69ae0000 - 0x69aea000 	C:\Program Files\Java\jdk1.8.0_241\jre\bin\management.dll
0x74370000 - 0x74383000 	C:\WINDOWS\SYSTEM32\CRYPTSP.dll
0x73eb0000 - 0x73edf000 	C:\WINDOWS\system32\rsaenh.dll
0x74750000 - 0x7476d000 	C:\WINDOWS\SYSTEM32\bcrypt.dll
0x740b0000 - 0x740ca000 	C:\WINDOWS\SYSTEM32\USERENV.dll
0x74360000 - 0x7436a000 	C:\WINDOWS\SYSTEM32\CRYPTBASE.dll
0x73fe0000 - 0x7400f000 	C:\WINDOWS\SYSTEM32\IPHLPAPI.DLL
0x76430000 - 0x76437000 	C:\WINDOWS\System32\NSI.dll
0x6e390000 - 0x6e3a3000 	C:\WINDOWS\SYSTEM32\dhcpcsvc6.DLL
0x6e7d0000 - 0x6e7e4000 	C:\WINDOWS\SYSTEM32\dhcpcsvc.DLL
0x65d30000 - 0x65e77000 	C:\Program Files\Java\jdk1.8.0_241\jre\bin\awt.dll
0x76490000 - 0x76524000 	C:\WINDOWS\System32\OLEAUT32.dll
0x75180000 - 0x751fb000 	C:\WINDOWS\System32\msvcp_win.dll
0x72c90000 - 0x72caf000 	C:\WINDOWS\system32\DWMAPI.DLL
0x73420000 - 0x7349a000 	C:\WINDOWS\system32\uxtheme.dll
0x6bab0000 - 0x6bad4000 	C:\Program Files\Java\jdk1.8.0_241\jre\bin\dcpr.dll
0x71bb0000 - 0x71cf5000 	C:\WINDOWS\SYSTEM32\dbghelp.dll

VM Arguments:
jvm_args: -Xmx1024m -Dfile.encoding=windows-1252 -Duser.country=IN -Duser.language=en -Duser.variant 
java_command: org.gradle.launcher.daemon.bootstrap.GradleDaemon 6.1.1
java_class_path (initial): C:\Users\home\.gradle\wrapper\dists\gradle-6.1.1-all\cfmwm155h49vnt3hynmlrsdst\gradle-6.1.1\lib\gradle-launcher-6.1.1.jar
Launcher Type: SUN_STANDARD

Environment Variables:
PATH=C:\WINDOWS\system32;C:\WINDOWS;C:\WINDOWS\System32\Wbem;C:\WINDOWS\System32\WindowsPowerShell\v1.0\;C:\Program Files\Java\jdk1.8.0_241\bin;C:\Users\home\AppData\Local\Temp\Temp2_Turbo.C.3.2.zip\;E:\Git\cmd;C:\Users\home\AppData\Local\Microsoft\WindowsApps;C:\Users\home\AppData\Local\JetBrains\PyCharm Community Edition 2019.1.3\bin;;E:\Visualstudio\Microsoft VS Code\bin
USERNAME=home
OS=Windows_NT
PROCESSOR_IDENTIFIER=x86 Family 6 Model 76 Stepping 4, GenuineIntel



---------------  S Y S T E M  ---------------

OS: Windows 10.0 Build 14393 (10.0.14393.2214)

CPU:total 4 (initial active 4) (4 cores per cpu, 1 threads per core) family 6 model 76 stepping 4, cmov, cx8, fxsr, mmx, sse, sse2, sse3, ssse3, sse4.1, sse4.2, popcnt, aes, clmul, erms, 3dnowpref, tsc, tscinvbit

Memory: 4k page, physical 2019488k(201364k free), swap 3958328k(1936k free)

vm_info: Java HotSpot(TM) Client VM (25.241-b07) for windows-x86 JRE (1.8.0_241-b07), built on Dec 11 2019 10:24:16 by "rejava" with MS VC++ 10.0 (VS2010)

time: Thu Sep 23 13:42:03 2021
timezone: India Standard Time
elapsed time: 10097 seconds (0d 2h 48m 17s)

